<?xml version="1.0" encoding="UTF-8"?>
<testng-results total="1" passed="1" failed="0" skipped="0">
  <reporter-output>
  </reporter-output>
  <suite started-at="2020-06-06T20:46:03Z" name="Default suite" finished-at="2020-06-06T20:47:40Z" duration-ms="96837">
    <groups>
    </groups>
    <test started-at="2020-06-06T20:46:03Z" name="Default test" finished-at="2020-06-06T20:47:40Z" duration-ms="96837">
      <class name="tests.ManageUser">
        <test-method is-config="true" signature="initSuite(java.lang.String)[pri:0, instance:tests.ManageUser@694abbdc]" started-at="2020-06-06T21:46:03Z" name="initSuite" finished-at="2020-06-06T21:46:03Z" duration-ms="16" status="PASS">
          <params>
            <param index="0">
              <value>
                <![CDATA[http://127.0.0.1:3000/]]>
              </value>
            </param>
          </params>
          <reporter-output>
          </reporter-output>
        </test-method> <!-- initSuite -->
        <test-method is-config="true" signature="getDriverForTest(java.lang.String)[pri:0, instance:tests.ManageUser@694abbdc]" started-at="2020-06-06T21:46:03Z" name="getDriverForTest" finished-at="2020-06-06T21:46:09Z" duration-ms="6232" status="PASS">
          <params>
            <param index="0">
              <value>
                <![CDATA[chrome]]>
              </value>
            </param>
          </params>
          <reporter-output>
          </reporter-output>
        </test-method> <!-- getDriverForTest -->
        <test-method signature="AddUser()[pri:0, instance:tests.ManageUser@694abbdc]" started-at="2020-06-06T21:46:09Z" name="AddUser" finished-at="2020-06-06T21:47:39Z" duration-ms="90019" status="PASS">
          <reporter-output>
          </reporter-output>
        </test-method> <!-- AddUser -->
        <test-method is-config="true" signature="stopDriver()[pri:0, instance:tests.ManageUser@694abbdc]" started-at="2020-06-06T21:47:39Z" name="stopDriver" finished-at="2020-06-06T21:47:40Z" duration-ms="578" status="PASS">
          <reporter-output>
          </reporter-output>
        </test-method> <!-- stopDriver -->
        <test-method is-config="true" signature="screeshotOnFailure(org.testng.ITestResult)[pri:0, instance:tests.ManageUser@694abbdc]" started-at="2020-06-06T21:47:39Z" name="screeshotOnFailure" finished-at="2020-06-06T21:47:39Z" duration-ms="0" status="PASS">
          <params>
            <param index="0">
              <value>
                <![CDATA[[TestResult name=AddUser status=SUCCESS method=ManageUser.AddUser()[pri:0, instance:tests.ManageUser@694abbdc] output={null}]]]>
              </value>
            </param>
          </params>
          <reporter-output>
          </reporter-output>
        </test-method> <!-- screeshotOnFailure -->
      </class> <!-- tests.ManageUser -->
    </test> <!-- Default test -->
  </suite> <!-- Default suite -->
</testng-results>
